<?xml version="1.0" encoding="UTF-8"?>
<coverage generated="1666235351270" clover="3.2.0">
  <project timestamp="1666235351270" name="All files">
    <metrics statements="6" coveredstatements="6" conditionals="2" coveredconditionals="2" methods="1" coveredmethods="1" elements="9" coveredelements="9" complexity="0" loc="6" ncloc="6" packages="1" files="1" classes="1"/>
    <file name="myRemove.js" path="/home/guilherme/Documentos/trybe-exercises/fundamentos/bloco-07-introducao-a-javascript-ES6-e-teste-unitarios/dia-03-primeiros-passos-em-jest/exercicios/exercicio2/myRemove.js">
      <metrics statements="6" coveredstatements="6" conditionals="2" coveredconditionals="2" methods="1" coveredmethods="1"/>
      <line num="2" count="3" type="stmt"/>
      <line num="3" count="3" type="stmt"/>
      <line num="4" count="12" type="cond" truecount="2" falsecount="0"/>
      <line num="5" count="10" type="stmt"/>
      <line num="8" count="3" type="stmt"/>
      <line num="11" count="1" type="stmt"/>
    </file>
  </project>
</coverage>
